16:32:43:313 [ALWAYS]	GUDE Logging Started
16:32:43:313 [INFO]	SqliteResumeCache::SqliteResumeCache basedirectory is null/empty
16:32:43:313 [ERROR]	SqliteResumeCache::CreateSqliteResumeCache creating resume cache pointer failure
16:32:43:313 [ERROR]	Initialize resume cache pointer failure
16:32:43:314 [INFO]	gude policy POLICY_USER limit (2,2,1) chunk 2097152, chunking (UL 0 DL 1), resXfer 1, adapt 0, NSURL 0, timeout 86400 
16:32:43:314 [INFO]	Initialized -- gude-lib version: v0.12.1 app: gude
16:32:45:896 [WARN]	Ignoring attempt to reinit logging to \gude at level 4 retaining 3 days of logs
16:32:45:897 [INFO]	SqliteResumeCache::SqliteResumeCache basedirectory is null/empty
16:32:45:897 [ERROR]	SqliteResumeCache::CreateSqliteResumeCache creating resume cache pointer failure
16:32:45:897 [ERROR]	Initialize resume cache pointer failure
16:32:45:897 [INFO]	gude policy POLICY_USER limit (4,4,1) chunk 2097152, chunking (UL 0 DL 1), resXfer 1, adapt 0, NSURL 1, timeout 86400 
16:32:45:897 [INFO]	Initialized -- gude-lib version: v0.12.1 app: gude
16:52:49:726 [ALWAYS]	GUDE Logging Started
16:52:49:727 [INFO]	SqliteResumeCache::SqliteResumeCache basedirectory is null/empty
16:52:49:727 [ERROR]	SqliteResumeCache::CreateSqliteResumeCache creating resume cache pointer failure
16:52:49:727 [ERROR]	Initialize resume cache pointer failure
16:52:49:727 [INFO]	gude policy POLICY_USER limit (2,2,1) chunk 2097152, chunking (UL 0 DL 1), resXfer 1, adapt 0, NSURL 0, timeout 86400 
16:52:49:727 [INFO]	Initialized -- gude-lib version: v0.12.1 app: gude
16:52:52:185 [WARN]	Ignoring attempt to reinit logging to \gude at level 4 retaining 3 days of logs
16:52:52:185 [INFO]	SqliteResumeCache::SqliteResumeCache basedirectory is null/empty
16:52:52:185 [ERROR]	SqliteResumeCache::CreateSqliteResumeCache creating resume cache pointer failure
16:52:52:185 [ERROR]	Initialize resume cache pointer failure
16:52:52:185 [INFO]	gude policy POLICY_USER limit (4,4,1) chunk 2097152, chunking (UL 0 DL 1), resXfer 1, adapt 0, NSURL 1, timeout 86400 
16:52:52:185 [INFO]	Initialized -- gude-lib version: v0.12.1 app: gude
